[2021-11-28 02:04:29]
Vai Fechar o TCP/UDP Socket (Automático)
[2021-11-28 02:04:30]
Serviços UDP/TCP Encerrados:
[2021-11-28 02:04:30]
TCP/UDP Socket Fechado (Automático) 
[2021-11-28 02:04:31]
Vai Abrir o TCP/UDP Socket (Automático)
[2021-11-28 02:04:31]
Tcp Server Inicializado:  
[2021-11-28 02:04:31]
TCP/UDP Socket Aberto (Automático)
[2021-11-28 14:05:29]
Vai Fechar o TCP/UDP Socket (Automático)
[2021-11-28 14:05:30]
Serviços UDP/TCP Encerrados:
[2021-11-28 14:05:30]
TCP/UDP Socket Fechado (Automático) 
[2021-11-28 14:05:31]
Vai Abrir o TCP/UDP Socket (Automático)
[2021-11-28 14:05:31]
Tcp Server Inicializado:  
[2021-11-28 14:05:31]
TCP/UDP Socket Aberto (Automático)
