[2021-11-29 02:06:29]
Vai Fechar o TCP/UDP Socket (Automático)
[2021-11-29 02:06:30]
Serviços UDP/TCP Encerrados:
[2021-11-29 02:06:30]
TCP/UDP Socket Fechado (Automático) 
[2021-11-29 02:06:31]
Vai Abrir o TCP/UDP Socket (Automático)
[2021-11-29 02:06:31]
Tcp Server Inicializado:  
[2021-11-29 02:06:31]
TCP/UDP Socket Aberto (Automático)
[2021-11-29 14:07:30]
Vai Fechar o TCP/UDP Socket (Automático)
[2021-11-29 14:07:31]
Serviços UDP/TCP Encerrados:
[2021-11-29 14:07:31]
TCP/UDP Socket Fechado (Automático) 
[2021-11-29 14:07:32]
Vai Abrir o TCP/UDP Socket (Automático)
[2021-11-29 14:07:32]
Tcp Server Inicializado:  
[2021-11-29 14:07:32]
TCP/UDP Socket Aberto (Automático)
